<?xml version="1.0" encoding="UTF-8"?>
<!-- Generated by org.testng.reporters.JUnitReportReporter -->
<testsuite hostname="AOLCND6334WP5" name="ACASTest" tests="5" failures="0" timestamp="6 Jan 2017 18:48:32 GMT" time="165.880" errors="0">
  <testcase name="addTransactionACAS" time="44.945" classname="ACASTest"/>
  <testcase name="viewEmployeeACAS" time="22.000" classname="ACASTest"/>
  <testcase name="addEmployeeACAS" time="36.700" classname="ACASTest"/>
  <testcase name="searchEmployeeACAS" time="42.339" classname="ACASTest"/>
  <testcase name="loginPageACAS" time="19.896" classname="ACASTest"/>
</testsuite> <!-- ACASTest -->
